<?xml version="1.0" encoding="utf-8"?><testsuites name="pytest tests"><testsuite name="pytest" errors="0" failures="0" skipped="0" tests="11" time="6.908" timestamp="2026-02-21T00:47:12.919076+00:00" hostname="agent-env-91b73e7c-aa99-4cf3-8c05-fc434a005beb"><testcase classname="backend.tests.test_booking_duration.TestBookingDurationFeature" name="test_admin_login_returns_admin_role" time="0.490" /><testcase classname="backend.tests.test_booking_duration.TestBookingDurationFeature" name="test_get_courts_returns_padel_and_calcio" time="0.541" /><testcase classname="backend.tests.test_booking_duration.TestBookingDurationFeature" name="test_admin_create_booking_with_30min_duration" time="0.675" /><testcase classname="backend.tests.test_booking_duration.TestBookingDurationFeature" name="test_admin_create_booking_with_60min_duration" time="0.579" /><testcase classname="backend.tests.test_booking_duration.TestBookingDurationFeature" name="test_admin_create_booking_with_90min_duration" time="0.650" /><testcase classname="backend.tests.test_booking_duration.TestBookingDurationFeature" name="test_admin_create_booking_with_120min_duration" time="0.672" /><testcase classname="backend.tests.test_booking_duration.TestBookingDurationFeature" name="test_admin_create_booking_with_150min_duration" time="0.645" /><testcase classname="backend.tests.test_booking_duration.TestBookingDurationFeature" name="test_admin_create_booking_with_180min_duration" time="0.619" /><testcase classname="backend.tests.test_booking_duration.TestBookingDurationFeature" name="test_admin_create_booking_without_duration_uses_default" time="0.587" /><testcase classname="backend.tests.test_booking_duration.TestBookingDurationFeature" name="test_update_booking_duration" time="0.758" /><testcase classname="backend.tests.test_booking_duration.TestBookingDurationFeature" name="test_update_booking_time_and_duration" time="0.627" /></testsuite></testsuites>