<?xml version="1.0" encoding="utf-8"?><testsuites name="pytest tests"><testsuite name="pytest" errors="0" failures="1" skipped="0" tests="11" time="9.238" timestamp="2026-02-21T00:46:45.019790+00:00" hostname="agent-env-91b73e7c-aa99-4cf3-8c05-fc434a005beb"><testcase classname="backend.tests.test_booking_duration.TestBookingDurationFeature" name="test_admin_login_returns_admin_role" time="0.540" /><testcase classname="backend.tests.test_booking_duration.TestBookingDurationFeature" name="test_get_courts_returns_padel_and_calcio" time="0.494" /><testcase classname="backend.tests.test_booking_duration.TestBookingDurationFeature" name="test_admin_create_booking_with_30min_duration" time="0.884" /><testcase classname="backend.tests.test_booking_duration.TestBookingDurationFeature" name="test_admin_create_booking_with_60min_duration" time="0.832" /><testcase classname="backend.tests.test_booking_duration.TestBookingDurationFeature" name="test_admin_create_booking_with_90min_duration" time="0.967" /><testcase classname="backend.tests.test_booking_duration.TestBookingDurationFeature" name="test_admin_create_booking_with_120min_duration" time="0.824" /><testcase classname="backend.tests.test_booking_duration.TestBookingDurationFeature" name="test_admin_create_booking_with_150min_duration" time="0.747"><failure message="AssertionError: Expected 200, got 400: {&quot;detail&quot;:&quot;Slot non disponibile - conflitto con prenotazione esistente&quot;}&#10;assert 400 == 200&#10; +  where 400 = &lt;Response [400]&gt;.status_code">backend/tests/test_booking_duration.py:231: in test_admin_create_booking_with_150min_duration
    assert response.status_code == 200, f"Expected 200, got {response.status_code}: {response.text}"
E   AssertionError: Expected 200, got 400: {"detail":"Slot non disponibile - conflitto con prenotazione esistente"}
E   assert 400 == 200
E    +  where 400 = &lt;Response [400]&gt;.status_code</failure></testcase><testcase classname="backend.tests.test_booking_duration.TestBookingDurationFeature" name="test_admin_create_booking_with_180min_duration" time="0.922" /><testcase classname="backend.tests.test_booking_duration.TestBookingDurationFeature" name="test_admin_create_booking_without_duration_uses_default" time="0.944" /><testcase classname="backend.tests.test_booking_duration.TestBookingDurationFeature" name="test_update_booking_duration" time="0.930" /><testcase classname="backend.tests.test_booking_duration.TestBookingDurationFeature" name="test_update_booking_time_and_duration" time="0.870" /></testsuite></testsuites>