<?xml version="1.0" encoding="utf-8"?><testsuites name="pytest tests"><testsuite name="pytest" errors="0" failures="0" skipped="0" tests="19" time="16.332" timestamp="2026-02-21T01:05:04.695974+00:00" hostname="agent-env-91b73e7c-aa99-4cf3-8c05-fc434a005beb"><testcase classname="backend.tests.test_multi_admin.TestAdminLogin" name="test_super_admin_login_returns_role" time="0.544" /><testcase classname="backend.tests.test_multi_admin.TestAdminLogin" name="test_viewer_login_returns_role" time="0.342" /><testcase classname="backend.tests.test_multi_admin.TestAdminManagement" name="test_get_admins_list" time="0.916" /><testcase classname="backend.tests.test_multi_admin.TestAdminManagement" name="test_create_admin_by_super_admin" time="1.076" /><testcase classname="backend.tests.test_multi_admin.TestAdminManagement" name="test_create_admin_duplicate_email_fails" time="1.148" /><testcase classname="backend.tests.test_multi_admin.TestAdminManagement" name="test_update_admin" time="1.079" /><testcase classname="backend.tests.test_multi_admin.TestAdminManagement" name="test_delete_admin" time="1.231" /><testcase classname="backend.tests.test_multi_admin.TestAdminManagement" name="test_cannot_delete_self" time="0.893" /><testcase classname="backend.tests.test_multi_admin.TestViewerRestrictions" name="test_viewer_cannot_create_booking" time="1.050" /><testcase classname="backend.tests.test_multi_admin.TestViewerRestrictions" name="test_viewer_cannot_update_booking" time="1.221" /><testcase classname="backend.tests.test_multi_admin.TestViewerRestrictions" name="test_viewer_cannot_delete_booking" time="1.234" /><testcase classname="backend.tests.test_multi_admin.TestViewerRestrictions" name="test_viewer_cannot_see_client_data" time="0.771" /><testcase classname="backend.tests.test_multi_admin.TestViewerRestrictions" name="test_viewer_cannot_create_admin" time="0.760" /><testcase classname="backend.tests.test_multi_admin.TestActivityLogs" name="test_get_activity_logs" time="0.403" /><testcase classname="backend.tests.test_multi_admin.TestActivityLogs" name="test_activity_log_structure" time="0.827" /><testcase classname="backend.tests.test_multi_admin.TestActivityLogs" name="test_admin_action_creates_log" time="0.861" /><testcase classname="backend.tests.test_multi_admin.TestBookingCreatedBy" name="test_admin_booking_has_created_by" time="0.744" /><testcase classname="backend.tests.test_multi_admin.TestAdminRoleValidation" name="test_invalid_role_rejected_on_create" time="0.401" /><testcase classname="backend.tests.test_multi_admin.TestAdminRoleValidation" name="test_invalid_role_rejected_on_update" time="0.742" /></testsuite></testsuites>